Ciudad :     Paris
Pais   :     FR
Zona Horaria: 3600
---------------
Condición del clima: Clouds
Descripción: muy nuboso
Ícono del clima: 04d
---------------
La temperatura actual es: 6.93 ºC
La temperatura mínima es: 6.65 ºC
La temperatura máxima es: 7.38 ºC
La presión es: 1020 hPa
La humedad es: 72 %
---------------
Visibilidad :     10000
Vientos     :     4.12
---------------
Datos guardados en /home/sebas/Api/clima-paris-hoy.csv
               
Ciudad :     Saint-Merri
Pais   :     FR
Zona Horaria: 3600
---------------
Condición del clima: Clouds
Descripción: nubes
Ícono del clima: 04d
---------------
La temperatura actual es: 6.93 ºC
La temperatura mínima es: 6.65 ºC
La temperatura máxima es: 7.38 ºC
La presión es: 1020 hPa
La humedad es: 72 %
---------------
Visibilidad :     10000
Vientos     :     4.12
---------------
Datos guardados en /home/sebas/Api/clima-paris-hoy.csv
               
Ciudad :     Paris
Pais   :     FR
Zona Horaria: 3600
---------------
Condición del clima: Clouds
Descripción: nubes
Ícono del clima: 04d
---------------
La temperatura actual es: 6.93 ºC
La temperatura mínima es: 6.65 ºC
La temperatura máxima es: 7.38 ºC
La presión es: 1020 hPa
La humedad es: 72 %
---------------
Visibilidad :     10000
Vientos     :     4.12
---------------
Datos guardados en /home/sebas/Api/clima-paris-hoy.csv
               
Ciudad :     Paris
Pais   :     FR
Zona Horaria: 3600
---------------
Condición del clima: Clouds
Descripción: nubes
Ícono del clima: 04n
---------------
La temperatura actual es: 6.93 ºC
La temperatura mínima es: 6.65 ºC
La temperatura máxima es: 7.38 ºC
La presión es: 1020 hPa
La humedad es: 72 %
---------------
Visibilidad :     10000
Vientos     :     4.12
---------------
Datos guardados en /home/sebas/Api/clima-paris-hoy.csv
               
Ciudad :     Saint-Merri
Pais   :     FR
Zona Horaria: 3600
---------------
Condición del clima: Clear
Descripción: cielo claro
Ícono del clima: 01n
---------------
La temperatura actual es: 6.87 ºC
La temperatura mínima es: 6.65 ºC
La temperatura máxima es: 7.38 ºC
La presión es: 1020 hPa
La humedad es: 73 %
---------------
Visibilidad :     10000
Vientos     :     5.14
---------------
Datos guardados en /home/sebas/Api/clima-paris-hoy.csv
               
Ciudad :     Paris
Pais   :     FR
Zona Horaria: 3600
---------------
Condición del clima: Clouds
Descripción: nubes
Ícono del clima: 04n
---------------
La temperatura actual es: 6.45 ºC
La temperatura mínima es: 5.64 ºC
La temperatura máxima es: 7.22 ºC
La presión es: 1021 hPa
La humedad es: 78 %
---------------
Visibilidad :     10000
Vientos     :     5.14
---------------
Datos guardados en /home/sebas/CityWeather/clima-paris-hoy.csv
               
Ciudad :     Paris
Pais   :     FR
Zona Horaria: 3600
---------------
Condición del clima: Clouds
Descripción: nubes
Ícono del clima: 04n
---------------
La temperatura actual es: 6.84 ºC
La temperatura mínima es: 6.18 ºC
La temperatura máxima es: 7.41 ºC
La presión es: 1021 hPa
La humedad es: 75 %
---------------
Visibilidad :     10000
Vientos     :     5.66
---------------
Datos guardados en /home/sebas/CityWeather/clima-paris-hoy.csv
               
Ciudad :     Saint-Merri
Pais   :     FR
Zona Horaria: 3600
---------------
Condición del clima: Clouds
Descripción: nubes
Ícono del clima: 04n
---------------
La temperatura actual es: 6.64 ºC
La temperatura mínima es: 6.09 ºC
La temperatura máxima es: 7.41 ºC
La presión es: 1021 hPa
La humedad es: 76 %
---------------
Visibilidad :     10000
Vientos     :     5.66
---------------
Datos guardados en /home/sebas/CityWeather/clima-paris-hoy.csv
               
Ciudad :     Saint-Merri
Pais   :     FR
Zona Horaria: 3600
---------------
Condición del clima: Drizzle
Descripción: llovizna ligera
Ícono del clima: 09n
---------------
La temperatura actual es: 5.99 ºC
La temperatura mínima es: 5.08 ºC
La temperatura máxima es: 6.66 ºC
La presión es: 1021 hPa
La humedad es: 82 %
---------------
Visibilidad :     10000
Vientos     :     5.66
---------------
Datos guardados en /home/sebas/CityWeather/clima-paris-hoy.csv
               
Ciudad :     Saint-Merri
Pais   :     FR
Zona Horaria: 3600
---------------
Condición del clima: Drizzle
Descripción: llovizna ligera
Ícono del clima: 09n
---------------
La temperatura actual es: 5.99 ºC
La temperatura mínima es: 5.08 ºC
La temperatura máxima es: 6.66 ºC
La presión es: 1021 hPa
La humedad es: 82 %
---------------
Visibilidad :     10000
Vientos     :     5.66
---------------
Datos guardados en /home/sebas/CityWeather/clima-paris-hoy.csv
               
Ciudad :     Paris
Pais   :     FR
Zona Horaria: 3600
---------------
Condición del clima: Drizzle
Descripción: llovizna ligera
Ícono del clima: 09n
---------------
La temperatura actual es: 5.98 ºC
La temperatura mínima es: 5.08 ºC
La temperatura máxima es: 6.38 ºC
La presión es: 1021 hPa
La humedad es: 82 %
---------------
Visibilidad :     10000
Vientos     :     5.66
---------------
Datos guardados en /home/sebas/CityWeather/clima-paris-hoy.csv
               
Ciudad :     Paris
Pais   :     FR
Zona Horaria: 3600
---------------
Condición del clima: Drizzle
Descripción: llovizna ligera
Ícono del clima: 09n
---------------
La temperatura actual es: 5.98 ºC
La temperatura mínima es: 5.08 ºC
La temperatura máxima es: 6.38 ºC
La presión es: 1021 hPa
La humedad es: 82 %
---------------
Visibilidad :     10000
Vientos     :     5.66
---------------
Datos guardados en /home/sebas/CityWeather/clima-paris-hoy.csv
               
Ciudad :     Paris
Pais   :     FR
Zona Horaria: 3600
---------------
Condición del clima: Clouds
Descripción: algo de nubes
Ícono del clima: 02n
---------------
La temperatura actual es: 5.87 ºC
La temperatura mínima es: 4.72 ºC
La temperatura máxima es: 6.23 ºC
La presión es: 1022 hPa
La humedad es: 84 %
---------------
Visibilidad :     10000
Vientos     :     6.17
---------------
Datos guardados en /home/sebas/CityWeather/clima-paris-hoy.csv
               
Ciudad :     Saint-Merri
Pais   :     FR
Zona Horaria: 3600
---------------
Condición del clima: Clouds
Descripción: algo de nubes
Ícono del clima: 02n
---------------
La temperatura actual es: 5.87 ºC
La temperatura mínima es: 4.72 ºC
La temperatura máxima es: 6.23 ºC
La presión es: 1022 hPa
La humedad es: 84 %
---------------
Visibilidad :     10000
Vientos     :     6.17
---------------
Datos guardados en /home/sebas/CityWeather/clima-paris-hoy.csv
               
Ciudad :     Paris
Pais   :     FR
Zona Horaria: 3600
---------------
Condición del clima: Clouds
Descripción: muy nuboso
Ícono del clima: 04n
---------------
La temperatura actual es: 5.36 ºC
La temperatura mínima es: 4.72 ºC
La temperatura máxima es: 6.23 ºC
La presión es: 1022 hPa
La humedad es: 87 %
---------------
Visibilidad :     10000
Vientos     :     5.66
---------------
Datos guardados en /home/sebas/CityWeather/clima-paris-hoy.csv
               
Ciudad :     Paris
Pais   :     FR
Zona Horaria: 3600
---------------
Condición del clima: Clouds
Descripción: muy nuboso
Ícono del clima: 04n
---------------
La temperatura actual es: 5.32 ºC
La temperatura mínima es: 4.72 ºC
La temperatura máxima es: 6.23 ºC
La presión es: 1022 hPa
La humedad es: 88 %
---------------
Visibilidad :     10000
Vientos     :     5.66
---------------
Datos guardados en /home/sebas/CityWeather/clima-paris-hoy.csv
               
Ciudad :     Paris
Pais   :     FR
Zona Horaria: 3600
---------------
Condición del clima: Clouds
Descripción: muy nuboso
Ícono del clima: 04n
---------------
La temperatura actual es: 5.38 ºC
La temperatura mínima es: 4.72 ºC
La temperatura máxima es: 6.23 ºC
La presión es: 1022 hPa
La humedad es: 88 %
---------------
Visibilidad :     10000
Vientos     :     5.66
---------------
Datos guardados en /home/sebas/CityWeather/clima-paris-hoy.csv
               
Ciudad :     Paris
Pais   :     FR
Zona Horaria: 3600
---------------
Condición del clima: Clouds
Descripción: muy nuboso
Ícono del clima: 04n
---------------
La temperatura actual es: 5.38 ºC
La temperatura mínima es: 4.72 ºC
La temperatura máxima es: 6.23 ºC
La presión es: 1022 hPa
La humedad es: 88 %
---------------
Visibilidad :     10000
Vientos     :     4.63
---------------
Datos guardados en /home/sebas/CityWeather/clima-paris-hoy.csv
               
Ciudad :     Saint-Merri
Pais   :     FR
Zona Horaria: 3600
---------------
Condición del clima: Clouds
Descripción: muy nuboso
Ícono del clima: 04n
---------------
La temperatura actual es: 5.38 ºC
La temperatura mínima es: 4.72 ºC
La temperatura máxima es: 6.23 ºC
La presión es: 1022 hPa
La humedad es: 88 %
---------------
Visibilidad :     10000
Vientos     :     4.63
---------------
Datos guardados en /home/sebas/CityWeather/clima-paris-hoy.csv
               
Ciudad :     Saint-Merri
Pais   :     FR
Zona Horaria: 3600
---------------
Condición del clima: Clouds
Descripción: muy nuboso
Ícono del clima: 04n
---------------
La temperatura actual es: 5.38 ºC
La temperatura mínima es: 4.72 ºC
La temperatura máxima es: 6.23 ºC
La presión es: 1022 hPa
La humedad es: 88 %
---------------
Visibilidad :     10000
Vientos     :     4.63
---------------
Datos guardados en /home/sebas/CityWeather/clima-paris-hoy.csv
               
Ciudad :     Paris
Pais   :     FR
Zona Horaria: 3600
---------------
Condición del clima: Clouds
Descripción: muy nuboso
Ícono del clima: 04n
---------------
La temperatura actual es: 5.38 ºC
La temperatura mínima es: 4.72 ºC
La temperatura máxima es: 6.23 ºC
La presión es: 1023 hPa
La humedad es: 88 %
---------------
Visibilidad :     10000
Vientos     :     4.63
---------------
Datos guardados en /home/sebas/CityWeather/clima-paris-hoy.csv
               
Ciudad :     Paris
Pais   :     FR
Zona Horaria: 3600
---------------
Condición del clima: Clouds
Descripción: muy nuboso
Ícono del clima: 04n
---------------
La temperatura actual es: 5.38 ºC
La temperatura mínima es: 4.72 ºC
La temperatura máxima es: 6.23 ºC
La presión es: 1023 hPa
La humedad es: 88 %
---------------
Visibilidad :     10000
Vientos     :     4.63
---------------
Datos guardados en /home/sebas/CityWeather/clima-paris-hoy.csv
               
Ciudad :     Paris
Pais   :     FR
Zona Horaria: 3600
---------------
Condición del clima: Clouds
Descripción: nubes
Ícono del clima: 04n
---------------
La temperatura actual es: 5.38 ºC
La temperatura mínima es: 4.72 ºC
La temperatura máxima es: 6.23 ºC
La presión es: 1023 hPa
La humedad es: 90 %
---------------
Visibilidad :     10000
Vientos     :     3.09
---------------
Datos guardados en /home/sebas/CityWeather/clima-paris-hoy.csv
               
Ciudad :     Paris
Pais   :     FR
Zona Horaria: 3600
---------------
Condición del clima: Clouds
Descripción: nubes
Ícono del clima: 04n
---------------
La temperatura actual es: 5.38 ºC
La temperatura mínima es: 4.72 ºC
La temperatura máxima es: 6.23 ºC
La presión es: 1023 hPa
La humedad es: 90 %
---------------
Visibilidad :     10000
Vientos     :     3.09
---------------
Datos guardados en /home/sebas/CityWeather/clima-paris-hoy.csv
               
Ciudad :     Paris
Pais   :     FR
Zona Horaria: 3600
---------------
Condición del clima: Clouds
Descripción: nubes
Ícono del clima: 04n
---------------
La temperatura actual es: 5.38 ºC
La temperatura mínima es: 4.72 ºC
La temperatura máxima es: 6.23 ºC
La presión es: 1023 hPa
La humedad es: 90 %
---------------
Visibilidad :     10000
Vientos     :     3.09
---------------
Datos guardados en /home/sebas/CityWeather/clima-paris-hoy.csv
               
Ciudad :     Paris
Pais   :     FR
Zona Horaria: 3600
---------------
Condición del clima: Clouds
Descripción: nubes
Ícono del clima: 04n
---------------
La temperatura actual es: 5.38 ºC
La temperatura mínima es: 4.72 ºC
La temperatura máxima es: 6.23 ºC
La presión es: 1023 hPa
La humedad es: 90 %
---------------
Visibilidad :     10000
Vientos     :     3.09
---------------
Datos guardados en /home/sebas/CityWeather/clima-paris-hoy.csv
               
Ciudad :     Paris
Pais   :     FR
Zona Horaria: 3600
---------------
Condición del clima: Clouds
Descripción: nubes
Ícono del clima: 04n
---------------
La temperatura actual es: 5.38 ºC
La temperatura mínima es: 4.72 ºC
La temperatura máxima es: 6.23 ºC
La presión es: 1023 hPa
La humedad es: 90 %
---------------
Visibilidad :     10000
Vientos     :     3.09
---------------
Datos guardados en /home/sebas/CityWeather/clima-paris-hoy.csv
               
Ciudad :     Paris
Pais   :     FR
Zona Horaria: 3600
---------------
Condición del clima: Clouds
Descripción: nubes
Ícono del clima: 04n
---------------
La temperatura actual es: 5.38 ºC
La temperatura mínima es: 4.72 ºC
La temperatura máxima es: 6.23 ºC
La presión es: 1023 hPa
La humedad es: 90 %
---------------
Visibilidad :     10000
Vientos     :     3.09
---------------
Datos guardados en /home/sebas/CityWeather/clima-paris-hoy.csv
               
Ciudad :     Paris
Pais   :     FR
Zona Horaria: 3600
---------------
Condición del clima: Clouds
Descripción: nubes
Ícono del clima: 04n
---------------
La temperatura actual es: 5.38 ºC
La temperatura mínima es: 4.72 ºC
La temperatura máxima es: 6.23 ºC
La presión es: 1023 hPa
La humedad es: 90 %
---------------
Visibilidad :     10000
Vientos     :     3.09
---------------
Datos guardados en /home/sebas/CityWeather/clima-paris-hoy.csv
               
Ciudad :     Paris
Pais   :     FR
Zona Horaria: 3600
---------------
Condición del clima: Clouds
Descripción: nubes
Ícono del clima: 04n
---------------
La temperatura actual es: 5.38 ºC
La temperatura mínima es: 4.72 ºC
La temperatura máxima es: 6.23 ºC
La presión es: 1023 hPa
La humedad es: 90 %
---------------
Visibilidad :     10000
Vientos     :     3.09
---------------
Datos guardados en /home/sebas/CityWeather/clima-paris-hoy.csv
               
Ciudad :     Paris
Pais   :     FR
Zona Horaria: 3600
---------------
Condición del clima: Drizzle
Descripción: lluvia y llovizna ligera
Ícono del clima: 09n
---------------
La temperatura actual es: 5.4 ºC
La temperatura mínima es: 4.72 ºC
La temperatura máxima es: 6.38 ºC
La presión es: 1023 hPa
La humedad es: 90 %
---------------
Visibilidad :     10000
Vientos     :     4.12
---------------
Datos guardados en /home/sebas/CityWeather/clima-paris-hoy.csv
               
Ciudad :     Paris
Pais   :     FR
Zona Horaria: 3600
---------------
Condición del clima: Drizzle
Descripción: lluvia y llovizna ligera
Ícono del clima: 09n
---------------
La temperatura actual es: 5.4 ºC
La temperatura mínima es: 4.72 ºC
La temperatura máxima es: 6.38 ºC
La presión es: 1023 hPa
La humedad es: 90 %
---------------
Visibilidad :     10000
Vientos     :     4.12
---------------
Datos guardados en /home/sebas/CityWeather/clima-paris-hoy.csv
               
Ciudad :     Paris
Pais   :     FR
Zona Horaria: 3600
---------------
Condición del clima: Drizzle
Descripción: lluvia y llovizna ligera
Ícono del clima: 09n
---------------
La temperatura actual es: 5.37 ºC
La temperatura mínima es: 4.72 ºC
La temperatura máxima es: 6.38 ºC
La presión es: 1023 hPa
La humedad es: 90 %
---------------
Visibilidad :     10000
Vientos     :     4.12
---------------
Datos guardados en /home/sebas/CityWeather/clima-paris-hoy.csv
               
Ciudad :     Paris
Pais   :     FR
Zona Horaria: 3600
---------------
Condición del clima: Drizzle
Descripción: lluvia y llovizna ligera
Ícono del clima: 09n
---------------
La temperatura actual es: 5.37 ºC
La temperatura mínima es: 4.72 ºC
La temperatura máxima es: 6.38 ºC
La presión es: 1023 hPa
La humedad es: 90 %
---------------
Visibilidad :     10000
Vientos     :     4.12
---------------
Datos guardados en /home/sebas/CityWeather/clima-paris-hoy.csv
               
Ciudad :     Paris
Pais   :     FR
Zona Horaria: 3600
---------------
Condición del clima: Drizzle
Descripción: lluvia y llovizna ligera
Ícono del clima: 09n
---------------
La temperatura actual es: 5.37 ºC
La temperatura mínima es: 4.72 ºC
La temperatura máxima es: 6.38 ºC
La presión es: 1023 hPa
La humedad es: 90 %
---------------
Visibilidad :     10000
Vientos     :     4.12
---------------
Datos guardados en /home/sebas/CityWeather/clima-paris-hoy.csv
               
Ciudad :     Paris
Pais   :     FR
Zona Horaria: 3600
---------------
Condición del clima: Rain
Descripción: lluvia ligera
Ícono del clima: 10n
---------------
La temperatura actual es: 5.34 ºC
La temperatura mínima es: 4.42 ºC
La temperatura máxima es: 6.38 ºC
La presión es: 1023 hPa
La humedad es: 89 %
---------------
Visibilidad :     10000
Vientos     :     6.69
---------------
Datos guardados en /home/sebas/CityWeather/clima-paris-hoy.csv
               
Ciudad :     Paris
Pais   :     FR
Zona Horaria: 3600
---------------
Condición del clima: Rain
Descripción: lluvia ligera
Ícono del clima: 10n
---------------
La temperatura actual es: 5.34 ºC
La temperatura mínima es: 4.42 ºC
La temperatura máxima es: 6.38 ºC
La presión es: 1023 hPa
La humedad es: 89 %
---------------
Visibilidad :     10000
Vientos     :     6.69
---------------
Datos guardados en /home/sebas/CityWeather/clima-paris-hoy.csv
               
Ciudad :     Paris
Pais   :     FR
Zona Horaria: 3600
---------------
Condición del clima: Rain
Descripción: lluvia ligera
Ícono del clima: 10n
---------------
La temperatura actual es: 5.34 ºC
La temperatura mínima es: 4.42 ºC
La temperatura máxima es: 6.38 ºC
La presión es: 1023 hPa
La humedad es: 89 %
---------------
Visibilidad :     10000
Vientos     :     6.69
---------------
Datos guardados en /home/sebas/CityWeather/clima-paris-hoy.csv
               
Ciudad :     Paris
Pais   :     FR
Zona Horaria: 3600
---------------
Condición del clima: Rain
Descripción: lluvia ligera
Ícono del clima: 10n
---------------
La temperatura actual es: 5.34 ºC
La temperatura mínima es: 4.42 ºC
La temperatura máxima es: 6.38 ºC
La presión es: 1023 hPa
La humedad es: 90 %
---------------
Visibilidad :     10000
Vientos     :     6.69
---------------
Datos guardados en /home/sebas/CityWeather/clima-paris-hoy.csv
               
Ciudad :     Paris
Pais   :     FR
Zona Horaria: 3600
---------------
Condición del clima: Rain
Descripción: lluvia ligera
Ícono del clima: 10n
---------------
La temperatura actual es: 5.34 ºC
La temperatura mínima es: 4.42 ºC
La temperatura máxima es: 6.38 ºC
La presión es: 1023 hPa
La humedad es: 90 %
---------------
Visibilidad :     10000
Vientos     :     6.69
---------------
Datos guardados en /home/sebas/CityWeather/clima-paris-hoy.csv
               
Ciudad :     Paris
Pais   :     FR
Zona Horaria: 3600
---------------
Condición del clima: Rain
Descripción: lluvia ligera
Ícono del clima: 10n
---------------
La temperatura actual es: 5.14 ºC
La temperatura mínima es: 4.42 ºC
La temperatura máxima es: 6.38 ºC
La presión es: 1023 hPa
La humedad es: 90 %
---------------
Visibilidad :     10000
Vientos     :     6.69
---------------
Datos guardados en /home/sebas/CityWeather/clima-paris-hoy.csv
               
Ciudad :     Paris
Pais   :     FR
Zona Horaria: 3600
---------------
Condición del clima: Drizzle
Descripción: llovizna ligera
Ícono del clima: 09n
---------------
La temperatura actual es: 5.04 ºC
La temperatura mínima es: 3.87 ºC
La temperatura máxima es: 6.38 ºC
La presión es: 1023 hPa
La humedad es: 90 %
---------------
Visibilidad :     10000
Vientos     :     6.17
---------------
Datos guardados en /home/sebas/CityWeather/clima-paris-hoy.csv
               
Ciudad :     Paris
Pais   :     FR
Zona Horaria: 3600
---------------
Condición del clima: Drizzle
Descripción: llovizna ligera
Ícono del clima: 09n
---------------
La temperatura actual es: 4.98 ºC
La temperatura mínima es: 3.87 ºC
La temperatura máxima es: 6.38 ºC
La presión es: 1023 hPa
La humedad es: 90 %
---------------
Visibilidad :     10000
Vientos     :     6.17
---------------
Datos guardados en /home/sebas/CityWeather/clima-paris-hoy.csv
               
Ciudad :     Paris
Pais   :     FR
Zona Horaria: 3600
---------------
Condición del clima: Drizzle
Descripción: llovizna ligera
Ícono del clima: 09n
---------------
La temperatura actual es: 4.98 ºC
La temperatura mínima es: 3.87 ºC
La temperatura máxima es: 6.38 ºC
La presión es: 1023 hPa
La humedad es: 90 %
---------------
Visibilidad :     10000
Vientos     :     6.17
---------------
Datos guardados en /home/sebas/CityWeather/clima-paris-hoy.csv
               
Ciudad :     Paris
Pais   :     FR
Zona Horaria: 3600
---------------
Condición del clima: Drizzle
Descripción: llovizna ligera
Ícono del clima: 09n
---------------
La temperatura actual es: 4.98 ºC
La temperatura mínima es: 3.87 ºC
La temperatura máxima es: 6.38 ºC
La presión es: 1023 hPa
La humedad es: 90 %
---------------
Visibilidad :     10000
Vientos     :     6.17
---------------
Datos guardados en /home/sebas/CityWeather/clima-paris-hoy.csv
               
Ciudad :     Paris
Pais   :     FR
Zona Horaria: 3600
---------------
Condición del clima: Drizzle
Descripción: llovizna ligera
Ícono del clima: 09n
---------------
La temperatura actual es: 4.98 ºC
La temperatura mínima es: 3.87 ºC
La temperatura máxima es: 6.38 ºC
La presión es: 1023 hPa
La humedad es: 91 %
---------------
Visibilidad :     10000
Vientos     :     6.17
---------------
Datos guardados en /home/sebas/CityWeather/clima-paris-hoy.csv
               
Ciudad :     Paris
Pais   :     FR
Zona Horaria: 3600
---------------
Condición del clima: Rain
Descripción: lluvia ligera
Ícono del clima: 10n
---------------
La temperatura actual es: 4.63 ºC
La temperatura mínima es: 3.49 ºC
La temperatura máxima es: 6.38 ºC
La presión es: 1023 hPa
La humedad es: 93 %
---------------
Visibilidad :     10000
Vientos     :     6.17
---------------
Datos guardados en /home/sebas/CityWeather/clima-paris-hoy.csv
               
Ciudad :     Paris
Pais   :     FR
Zona Horaria: 3600
---------------
Condición del clima: Rain
Descripción: lluvia ligera
Ícono del clima: 10n
---------------
La temperatura actual es: 4.95 ºC
La temperatura mínima es: 3.83 ºC
La temperatura máxima es: 6.3 ºC
La presión es: 1023 hPa
La humedad es: 90 %
---------------
Visibilidad :     10000
Vientos     :     6.17
---------------
Datos guardados en /home/sebas/CityWeather/clima-paris-hoy.csv
               
Ciudad :     Paris
Pais   :     FR
Zona Horaria: 3600
---------------
Condición del clima: Rain
Descripción: lluvia ligera
Ícono del clima: 10n
---------------
La temperatura actual es: 4.95 ºC
La temperatura mínima es: 3.83 ºC
La temperatura máxima es: 6.3 ºC
La presión es: 1023 hPa
La humedad es: 90 %
---------------
Visibilidad :     10000
Vientos     :     6.17
---------------
Datos guardados en /home/sebas/CityWeather/clima-paris-hoy.csv
               
Ciudad :     Paris
Pais   :     FR
Zona Horaria: 3600
---------------
Condición del clima: Rain
Descripción: lluvia ligera
Ícono del clima: 10n
---------------
La temperatura actual es: 4.95 ºC
La temperatura mínima es: 3.83 ºC
La temperatura máxima es: 6.3 ºC
La presión es: 1023 hPa
La humedad es: 90 %
---------------
Visibilidad :     10000
Vientos     :     6.17
---------------
Datos guardados en /home/sebas/CityWeather/clima-paris-hoy.csv
               
Ciudad :     Paris
Pais   :     FR
Zona Horaria: 3600
---------------
Condición del clima: Rain
Descripción: lluvia ligera
Ícono del clima: 10n
---------------
La temperatura actual es: 4.6 ºC
La temperatura mínima es: 3.83 ºC
La temperatura máxima es: 5.63 ºC
La presión es: 1023 hPa
La humedad es: 93 %
---------------
Visibilidad :     10000
Vientos     :     6.17
---------------
Datos guardados en /home/sebas/CityWeather/clima-paris-hoy.csv
               
Ciudad :     Paris
Pais   :     FR
Zona Horaria: 3600
---------------
Condición del clima: Rain
Descripción: lluvia ligera
Ícono del clima: 10n
---------------
La temperatura actual es: 4.6 ºC
La temperatura mínima es: 3.83 ºC
La temperatura máxima es: 5.63 ºC
La presión es: 1023 hPa
La humedad es: 93 %
---------------
Visibilidad :     10000
Vientos     :     6.17
---------------
Datos guardados en /home/sebas/CityWeather/clima-paris-hoy.csv
               
Ciudad :     Paris
Pais   :     FR
Zona Horaria: 3600
---------------
Condición del clima: Rain
Descripción: lluvia ligera
Ícono del clima: 10n
---------------
La temperatura actual es: 4.82 ºC
La temperatura mínima es: 3.83 ºC
La temperatura máxima es: 5.75 ºC
La presión es: 1023 hPa
La humedad es: 90 %
---------------
Visibilidad :     10000
Vientos     :     6.17
---------------
Datos guardados en /home/sebas/CityWeather/clima-paris-hoy.csv
               
Ciudad :     Paris
Pais   :     FR
Zona Horaria: 3600
---------------
Condición del clima: Rain
Descripción: lluvia ligera
Ícono del clima: 10n
---------------
La temperatura actual es: 4.29 ºC
La temperatura mínima es: 3.83 ºC
La temperatura máxima es: 5.63 ºC
La presión es: 1023 hPa
La humedad es: 94 %
---------------
Visibilidad :     10000
Vientos     :     5.14
---------------
Datos guardados en /home/sebas/CityWeather/clima-paris-hoy.csv
               
Ciudad :     Paris
Pais   :     FR
Zona Horaria: 3600
---------------
Condición del clima: Rain
Descripción: lluvia ligera
Ícono del clima: 10n
---------------
La temperatura actual es: 4.29 ºC
La temperatura mínima es: 3.83 ºC
La temperatura máxima es: 5.63 ºC
La presión es: 1023 hPa
La humedad es: 94 %
---------------
Visibilidad :     10000
Vientos     :     5.14
---------------
Datos guardados en /home/sebas/CityWeather/clima-paris-hoy.csv
               
Ciudad :     Paris
Pais   :     FR
Zona Horaria: 3600
---------------
Condición del clima: Rain
Descripción: lluvia ligera
Ícono del clima: 10n
---------------
La temperatura actual es: 4.29 ºC
La temperatura mínima es: 3.83 ºC
La temperatura máxima es: 5.63 ºC
La presión es: 1023 hPa
La humedad es: 94 %
---------------
Visibilidad :     10000
Vientos     :     5.14
---------------
Datos guardados en /home/sebas/CityWeather/clima-paris-hoy.csv
               
Ciudad :     Paris
Pais   :     FR
Zona Horaria: 3600
---------------
Condición del clima: Rain
Descripción: lluvia ligera
Ícono del clima: 10n
---------------
La temperatura actual es: 4.57 ºC
La temperatura mínima es: 3.83 ºC
La temperatura máxima es: 5.75 ºC
La presión es: 1023 hPa
La humedad es: 91 %
---------------
Visibilidad :     10000
Vientos     :     5.14
---------------
Datos guardados en /home/sebas/CityWeather/clima-paris-hoy.csv
               
Ciudad :     Paris
Pais   :     FR
Zona Horaria: 3600
---------------
Condición del clima: Rain
Descripción: lluvia ligera
Ícono del clima: 10n
---------------
La temperatura actual es: 4.57 ºC
La temperatura mínima es: 3.83 ºC
La temperatura máxima es: 5.75 ºC
La presión es: 1023 hPa
La humedad es: 91 %
---------------
Visibilidad :     10000
Vientos     :     5.14
---------------
Datos guardados en /home/sebas/CityWeather/clima-paris-hoy.csv
               
Ciudad :     Paris
Pais   :     FR
Zona Horaria: 3600
---------------
Condición del clima: Rain
Descripción: lluvia ligera
Ícono del clima: 10n
---------------
La temperatura actual es: 4.25 ºC
La temperatura mínima es: 3.72 ºC
La temperatura máxima es: 5.63 ºC
La presión es: 1023 hPa
La humedad es: 93 %
---------------
Visibilidad :     10000
Vientos     :     5.14
---------------
Datos guardados en /home/sebas/CityWeather/clima-paris-hoy.csv
               
Ciudad :     Paris
Pais   :     FR
Zona Horaria: 3600
---------------
Condición del clima: Rain
Descripción: lluvia ligera
Ícono del clima: 10n
---------------
La temperatura actual es: 4.25 ºC
La temperatura mínima es: 3.72 ºC
La temperatura máxima es: 5.63 ºC
La presión es: 1023 hPa
La humedad es: 93 %
---------------
Visibilidad :     10000
Vientos     :     5.14
---------------
Datos guardados en /home/sebas/CityWeather/clima-paris-hoy.csv
               
Ciudad :     Paris
Pais   :     FR
Zona Horaria: 3600
---------------
Condición del clima: Rain
Descripción: lluvia ligera
Ícono del clima: 10n
---------------
La temperatura actual es: 4.25 ºC
La temperatura mínima es: 3.72 ºC
La temperatura máxima es: 5.08 ºC
La presión es: 1023 hPa
La humedad es: 93 %
---------------
Visibilidad :     10000
Vientos     :     5.14
---------------
Datos guardados en /home/sebas/CityWeather/clima-paris-hoy.csv
               
Ciudad :     Paris
Pais   :     FR
Zona Horaria: 3600
---------------
Condición del clima: Rain
Descripción: lluvia ligera
Ícono del clima: 10n
---------------
La temperatura actual es: 4.25 ºC
La temperatura mínima es: 3.72 ºC
La temperatura máxima es: 5.08 ºC
La presión es: 1023 hPa
La humedad es: 93 %
---------------
Visibilidad :     10000
Vientos     :     5.14
---------------
Datos guardados en /home/sebas/CityWeather/clima-paris-hoy.csv
               
Ciudad :     Paris
Pais   :     FR
Zona Horaria: 3600
---------------
Condición del clima: Rain
Descripción: lluvia ligera
Ícono del clima: 10n
---------------
La temperatura actual es: 4.25 ºC
La temperatura mínima es: 3.72 ºC
La temperatura máxima es: 5.08 ºC
La presión es: 1023 hPa
La humedad es: 93 %
---------------
Visibilidad :     10000
Vientos     :     5.14
---------------
Datos guardados en /home/sebas/CityWeather/clima-paris-hoy.csv
               
Ciudad :     Paris
Pais   :     FR
Zona Horaria: 3600
---------------
Condición del clima: Rain
Descripción: lluvia ligera
Ícono del clima: 10n
---------------
La temperatura actual es: 4.25 ºC
La temperatura mínima es: 3.72 ºC
La temperatura máxima es: 5.08 ºC
La presión es: 1023 hPa
La humedad es: 93 %
---------------
Visibilidad :     10000
Vientos     :     5.14
---------------
Datos guardados en /home/sebas/CityWeather/clima-paris-hoy.csv
               
Ciudad :     Paris
Pais   :     FR
Zona Horaria: 3600
---------------
Condición del clima: Rain
Descripción: lluvia ligera
Ícono del clima: 10n
---------------
La temperatura actual es: 4.25 ºC
La temperatura mínima es: 3.72 ºC
La temperatura máxima es: 5.08 ºC
La presión es: 1023 hPa
La humedad es: 93 %
---------------
Visibilidad :     10000
Vientos     :     5.14
---------------
Datos guardados en /home/sebas/CityWeather/clima-paris-hoy.csv
               
Ciudad :     Paris
Pais   :     FR
Zona Horaria: 3600
---------------
Condición del clima: Rain
Descripción: lluvia ligera
Ícono del clima: 10n
---------------
La temperatura actual es: 4.25 ºC
La temperatura mínima es: 3.72 ºC
La temperatura máxima es: 5.08 ºC
La presión es: 1023 hPa
La humedad es: 93 %
---------------
Visibilidad :     10000
Vientos     :     5.14
---------------
Datos guardados en /home/sebas/CityWeather/clima-paris-hoy.csv
               
Ciudad :     Paris
Pais   :     FR
Zona Horaria: 3600
---------------
Condición del clima: Rain
Descripción: lluvia ligera
Ícono del clima: 10n
---------------
La temperatura actual es: 4.38 ºC
La temperatura mínima es: 3.72 ºC
La temperatura máxima es: 5.19 ºC
La presión es: 1023 hPa
La humedad es: 91 %
---------------
Visibilidad :     9000
Vientos     :     4.12
---------------
Datos guardados en /home/sebas/CityWeather/clima-paris-hoy.csv
               
Ciudad :     Paris
Pais   :     FR
Zona Horaria: 3600
---------------
Condición del clima: Rain
Descripción: lluvia ligera
Ícono del clima: 10n
---------------
La temperatura actual es: 4.38 ºC
La temperatura mínima es: 3.72 ºC
La temperatura máxima es: 5.19 ºC
La presión es: 1023 hPa
La humedad es: 91 %
---------------
Visibilidad :     9000
Vientos     :     4.12
---------------
Datos guardados en /home/sebas/CityWeather/clima-paris-hoy.csv
               
Ciudad :     Paris
Pais   :     FR
Zona Horaria: 3600
---------------
Condición del clima: Rain
Descripción: lluvia ligera
Ícono del clima: 10n
---------------
La temperatura actual es: 4.38 ºC
La temperatura mínima es: 3.72 ºC
La temperatura máxima es: 5.19 ºC
La presión es: 1023 hPa
La humedad es: 91 %
---------------
Visibilidad :     9000
Vientos     :     4.12
---------------
Datos guardados en /home/sebas/CityWeather/clima-paris-hoy.csv
               
Ciudad :     Paris
Pais   :     FR
Zona Horaria: 3600
---------------
Condición del clima: Rain
Descripción: lluvia ligera
Ícono del clima: 10n
---------------
La temperatura actual es: 4.38 ºC
La temperatura mínima es: 3.72 ºC
La temperatura máxima es: 5.19 ºC
La presión es: 1023 hPa
La humedad es: 91 %
---------------
Visibilidad :     9000
Vientos     :     4.12
---------------
Datos guardados en /home/sebas/CityWeather/clima-paris-hoy.csv
               
Ciudad :     Paris
Pais   :     FR
Zona Horaria: 3600
---------------
Condición del clima: Rain
Descripción: lluvia ligera
Ícono del clima: 10n
---------------
La temperatura actual es: 4.08 ºC
La temperatura mínima es: 3.83 ºC
La temperatura máxima es: 5.07 ºC
La presión es: 1023 hPa
La humedad es: 96 %
---------------
Visibilidad :     10000
Vientos     :     3.09
---------------
Datos guardados en /home/sebas/CityWeather/clima-paris-hoy.csv
               
Ciudad :     Paris
Pais   :     FR
Zona Horaria: 3600
---------------
Condición del clima: Rain
Descripción: lluvia ligera
Ícono del clima: 10n
---------------
La temperatura actual es: 4.08 ºC
La temperatura mínima es: 3.83 ºC
La temperatura máxima es: 5.07 ºC
La presión es: 1023 hPa
La humedad es: 96 %
---------------
Visibilidad :     10000
Vientos     :     3.09
---------------
Datos guardados en /home/sebas/CityWeather/clima-paris-hoy.csv
               
Ciudad :     Paris
Pais   :     FR
Zona Horaria: 3600
---------------
Condición del clima: Rain
Descripción: lluvia ligera
Ícono del clima: 10n
---------------
La temperatura actual es: 4.08 ºC
La temperatura mínima es: 3.83 ºC
La temperatura máxima es: 5.07 ºC
La presión es: 1023 hPa
La humedad es: 96 %
---------------
Visibilidad :     10000
Vientos     :     3.09
---------------
Datos guardados en /home/sebas/CityWeather/clima-paris-hoy.csv
               
Ciudad :     Paris
Pais   :     FR
Zona Horaria: 3600
---------------
Condición del clima: Rain
Descripción: lluvia ligera
Ícono del clima: 10n
---------------
La temperatura actual es: 4.08 ºC
La temperatura mínima es: 3.83 ºC
La temperatura máxima es: 5.07 ºC
La presión es: 1023 hPa
La humedad es: 96 %
---------------
Visibilidad :     10000
Vientos     :     3.09
---------------
Datos guardados en /home/sebas/CityWeather/clima-paris-hoy.csv
               
Ciudad :     Paris
Pais   :     FR
Zona Horaria: 3600
---------------
Condición del clima: Rain
Descripción: lluvia ligera
Ícono del clima: 10n
---------------
La temperatura actual es: 4.08 ºC
La temperatura mínima es: 3.83 ºC
La temperatura máxima es: 5.07 ºC
La presión es: 1023 hPa
La humedad es: 96 %
---------------
Visibilidad :     10000
Vientos     :     3.09
---------------
Datos guardados en /home/sebas/CityWeather/clima-paris-hoy.csv
               
Ciudad :     Paris
Pais   :     FR
Zona Horaria: 3600
---------------
Condición del clima: Rain
Descripción: lluvia ligera
Ícono del clima: 10n
---------------
La temperatura actual es: 4.08 ºC
La temperatura mínima es: 3.83 ºC
La temperatura máxima es: 5.07 ºC
La presión es: 1023 hPa
La humedad es: 96 %
---------------
Visibilidad :     10000
Vientos     :     3.09
---------------
Datos guardados en /home/sebas/CityWeather/clima-paris-hoy.csv
               
Ciudad :     Paris
Pais   :     FR
Zona Horaria: 3600
---------------
Condición del clima: Rain
Descripción: lluvia ligera
Ícono del clima: 10n
---------------
La temperatura actual es: 4.08 ºC
La temperatura mínima es: 3.83 ºC
La temperatura máxima es: 5.07 ºC
La presión es: 1023 hPa
La humedad es: 96 %
---------------
Visibilidad :     10000
Vientos     :     3.09
---------------
Datos guardados en /home/sebas/CityWeather/clima-paris-hoy.csv
               
Ciudad :     Paris
Pais   :     FR
Zona Horaria: 3600
---------------
Condición del clima: Rain
Descripción: lluvia ligera
Ícono del clima: 10n
---------------
La temperatura actual es: 4.08 ºC
La temperatura mínima es: 3.83 ºC
La temperatura máxima es: 5.07 ºC
La presión es: 1023 hPa
La humedad es: 96 %
---------------
Visibilidad :     10000
Vientos     :     3.09
---------------
Datos guardados en /home/sebas/CityWeather/clima-paris-hoy.csv
               
Ciudad :     Paris
Pais   :     FR
Zona Horaria: 3600
---------------
Condición del clima: Rain
Descripción: lluvia ligera
Ícono del clima: 10n
---------------
La temperatura actual es: 4.08 ºC
La temperatura mínima es: 3.83 ºC
La temperatura máxima es: 5.07 ºC
La presión es: 1023 hPa
La humedad es: 97 %
---------------
Visibilidad :     10000
Vientos     :     3.09
---------------
Datos guardados en /home/sebas/CityWeather/clima-paris-hoy.csv
               
Ciudad :     Paris
Pais   :     FR
Zona Horaria: 3600
---------------
Condición del clima: Rain
Descripción: lluvia ligera
Ícono del clima: 10n
---------------
La temperatura actual es: 4.08 ºC
La temperatura mínima es: 3.83 ºC
La temperatura máxima es: 5.07 ºC
La presión es: 1023 hPa
La humedad es: 97 %
---------------
Visibilidad :     10000
Vientos     :     3.09
---------------
Datos guardados en /home/sebas/CityWeather/clima-paris-hoy.csv
               
Ciudad :     Paris
Pais   :     FR
Zona Horaria: 3600
---------------
Condición del clima: Rain
Descripción: lluvia ligera
Ícono del clima: 10n
---------------
La temperatura actual es: 4.08 ºC
La temperatura mínima es: 3.83 ºC
La temperatura máxima es: 5.07 ºC
La presión es: 1023 hPa
La humedad es: 97 %
---------------
Visibilidad :     10000
Vientos     :     3.09
---------------
Datos guardados en /home/sebas/CityWeather/clima-paris-hoy.csv
               
Ciudad :     Paris
Pais   :     FR
Zona Horaria: 3600
---------------
Condición del clima: Rain
Descripción: lluvia ligera
Ícono del clima: 10n
---------------
La temperatura actual es: 4.08 ºC
La temperatura mínima es: 3.83 ºC
La temperatura máxima es: 5.07 ºC
La presión es: 1023 hPa
La humedad es: 97 %
---------------
Visibilidad :     10000
Vientos     :     3.09
---------------
Datos guardados en /home/sebas/CityWeather/clima-paris-hoy.csv
               
Ciudad :     Paris
Pais   :     FR
Zona Horaria: 3600
---------------
Condición del clima: Rain
Descripción: lluvia ligera
Ícono del clima: 10n
---------------
La temperatura actual es: 4.05 ºC
La temperatura mínima es: 3.72 ºC
La temperatura máxima es: 5.07 ºC
La presión es: 1024 hPa
La humedad es: 97 %
---------------
Visibilidad :     7000
Vientos     :     2.06
---------------
Datos guardados en /home/sebas/CityWeather/clima-paris-hoy.csv
               
